0 info it worked if it ends with ok
1 verbose cli [ '/usr/local/bin/node',
1 verbose cli   '/usr/local/bin/npm',
1 verbose cli   'install',
1 verbose cli   '-g',
1 verbose cli   'grunt-cli' ]
2 info using npm@3.3.12
3 info using node@v5.4.0
4 silly loadCurrentTree Starting
5 silly install loadCurrentTree
6 silly install readGlobalPackageData
7 silly fetchPackageMetaData grunt-cli
8 silly fetchNamedPackageData grunt-cli
9 silly mapToRegistry name grunt-cli
10 silly mapToRegistry using default registry
11 silly mapToRegistry registry https://registry.npmjs.org/
12 silly mapToRegistry uri https://registry.npmjs.org/grunt-cli
13 verbose request uri https://registry.npmjs.org/grunt-cli
14 verbose request no auth needed
15 info attempt registry request try #1 at 8:52:13 AM
16 verbose request id 85741acc9a5131a8
17 http request GET https://registry.npmjs.org/grunt-cli
18 http 200 https://registry.npmjs.org/grunt-cli
19 verbose headers { server: 'CouchDB/1.5.0 (Erlang OTP/R16B03)',
19 verbose headers   etag: '"7Y60N0S0H37BXUE2ATKTAFBOA"',
19 verbose headers   'content-type': 'application/json',
19 verbose headers   'cache-control': 'max-age=300',
19 verbose headers   'content-length': '24184',
19 verbose headers   'accept-ranges': 'bytes',
19 verbose headers   date: 'Thu, 25 Feb 2016 13:52:13 GMT',
19 verbose headers   via: '1.1 varnish',
19 verbose headers   age: '99',
19 verbose headers   connection: 'keep-alive',
19 verbose headers   'x-served-by': 'cache-iad2136-IAD',
19 verbose headers   'x-cache': 'HIT',
19 verbose headers   'x-cache-hits': '1',
19 verbose headers   'x-timer': 'S1456408333.591950,VS0,VE0',
19 verbose headers   vary: 'Accept' }
20 silly get cb [ 200,
20 silly get   { server: 'CouchDB/1.5.0 (Erlang OTP/R16B03)',
20 silly get     etag: '"7Y60N0S0H37BXUE2ATKTAFBOA"',
20 silly get     'content-type': 'application/json',
20 silly get     'cache-control': 'max-age=300',
20 silly get     'content-length': '24184',
20 silly get     'accept-ranges': 'bytes',
20 silly get     date: 'Thu, 25 Feb 2016 13:52:13 GMT',
20 silly get     via: '1.1 varnish',
20 silly get     age: '99',
20 silly get     connection: 'keep-alive',
20 silly get     'x-served-by': 'cache-iad2136-IAD',
20 silly get     'x-cache': 'HIT',
20 silly get     'x-cache-hits': '1',
20 silly get     'x-timer': 'S1456408333.591950,VS0,VE0',
20 silly get     vary: 'Accept' } ]
21 verbose get saving grunt-cli to /Users/seandinan/.npm/registry.npmjs.org/grunt-cli/.cache.json
22 silly install normalizeTree
23 silly loadCurrentTree Finishing
24 silly loadIdealTree Starting
25 silly install loadIdealTree
26 silly cloneCurrentTree Starting
27 silly install cloneCurrentTreeToIdealTree
28 silly cloneCurrentTree Finishing
29 silly loadShrinkwrap Starting
30 silly install loadShrinkwrap
31 silly loadShrinkwrap Finishing
32 silly loadAllDepsIntoIdealTree Starting
33 silly install loadAllDepsIntoIdealTree
34 silly resolveWithNewModule grunt-cli@0.1.13 checking installable status
35 silly cache add args [ 'grunt-cli', null ]
36 verbose cache add spec grunt-cli
37 silly cache add parsed spec Result {
37 silly cache add   raw: 'grunt-cli',
37 silly cache add   scope: null,
37 silly cache add   name: 'grunt-cli',
37 silly cache add   rawSpec: '',
37 silly cache add   spec: '*',
37 silly cache add   type: 'range' }
38 silly addNamed grunt-cli@*
39 verbose addNamed "*" is a valid semver range for grunt-cli
40 silly addNameRange { name: 'grunt-cli', range: '*', hasData: false }
41 silly mapToRegistry name grunt-cli
42 silly mapToRegistry using default registry
43 silly mapToRegistry registry https://registry.npmjs.org/
44 silly mapToRegistry uri https://registry.npmjs.org/grunt-cli
45 verbose addNameRange registry:https://registry.npmjs.org/grunt-cli not in flight; fetching
46 verbose get https://registry.npmjs.org/grunt-cli not expired, no request
47 silly addNameRange number 2 { name: 'grunt-cli', range: '*', hasData: true }
48 silly addNameRange versions [ 'grunt-cli',
48 silly addNameRange   [ '0.1.0',
48 silly addNameRange     '0.1.1',
48 silly addNameRange     '0.1.2',
48 silly addNameRange     '0.1.3',
48 silly addNameRange     '0.1.4',
48 silly addNameRange     '0.1.5',
48 silly addNameRange     '0.1.6',
48 silly addNameRange     '0.1.7',
48 silly addNameRange     '0.1.8',
48 silly addNameRange     '0.1.9',
48 silly addNameRange     '0.1.10',
48 silly addNameRange     '0.1.11',
48 silly addNameRange     '0.1.12',
48 silly addNameRange     '0.1.13',
48 silly addNameRange     '1.0.0-rc1' ] ]
49 silly addNamed grunt-cli@0.1.13
50 verbose addNamed "0.1.13" is a plain semver version for grunt-cli
51 silly mapToRegistry name grunt-cli
52 silly mapToRegistry using default registry
53 silly mapToRegistry registry https://registry.npmjs.org/
54 silly mapToRegistry uri https://registry.npmjs.org/grunt-cli
55 verbose addRemoteTarball https://registry.npmjs.org/grunt-cli/-/grunt-cli-0.1.13.tgz not in flight; adding
56 verbose addRemoteTarball [ 'https://registry.npmjs.org/grunt-cli/-/grunt-cli-0.1.13.tgz',
56 verbose addRemoteTarball   'e9ebc4047631f5012d922770c39378133cad10f4' ]
57 info retry fetch attempt 1 at 8:52:14 AM
58 info attempt registry request try #1 at 8:52:14 AM
59 http fetch GET https://registry.npmjs.org/grunt-cli/-/grunt-cli-0.1.13.tgz
60 http fetch 200 https://registry.npmjs.org/grunt-cli/-/grunt-cli-0.1.13.tgz
61 silly fetchAndShaCheck shasum e9ebc4047631f5012d922770c39378133cad10f4
62 verbose addTmpTarball /var/folders/tb/lm_mpjqd56s5npm2lt2fbdt80000gn/T/npm-1912-45d62de5/registry.npmjs.org/grunt-cli/-/grunt-cli-0.1.13.tgz not in flight; adding
63 verbose addTmpTarball already have metadata; skipping unpack for grunt-cli@0.1.13
64 silly cache afterAdd grunt-cli@0.1.13
65 verbose afterAdd /Users/seandinan/.npm/grunt-cli/0.1.13/package/package.json not in flight; writing
66 verbose afterAdd /Users/seandinan/.npm/grunt-cli/0.1.13/package/package.json written
67 silly fetchNamedPackageData nopt
68 silly mapToRegistry name nopt
69 silly mapToRegistry using default registry
70 silly mapToRegistry registry https://registry.npmjs.org/
71 silly mapToRegistry uri https://registry.npmjs.org/nopt
72 silly fetchNamedPackageData findup-sync
73 silly mapToRegistry name findup-sync
74 silly mapToRegistry using default registry
75 silly mapToRegistry registry https://registry.npmjs.org/
76 silly mapToRegistry uri https://registry.npmjs.org/findup-sync
77 silly fetchNamedPackageData resolve
78 silly mapToRegistry name resolve
79 silly mapToRegistry using default registry
80 silly mapToRegistry registry https://registry.npmjs.org/
81 silly mapToRegistry uri https://registry.npmjs.org/resolve
82 verbose request uri https://registry.npmjs.org/nopt
83 verbose request no auth needed
84 info attempt registry request try #1 at 8:52:14 AM
85 http request GET https://registry.npmjs.org/nopt
86 verbose request uri https://registry.npmjs.org/findup-sync
87 verbose request no auth needed
88 info attempt registry request try #1 at 8:52:14 AM
89 http request GET https://registry.npmjs.org/findup-sync
90 verbose request uri https://registry.npmjs.org/resolve
91 verbose request no auth needed
92 info attempt registry request try #1 at 8:52:14 AM
93 verbose etag "E5LYAO9ANDLZYP3M2AL72NV6M"
94 http request GET https://registry.npmjs.org/resolve
95 http 200 https://registry.npmjs.org/findup-sync
96 verbose headers { server: 'CouchDB/1.5.0 (Erlang OTP/R16B03)',
96 verbose headers   etag: '"4T2YM1183BMIEH25O8P2RBD4U"',
96 verbose headers   'content-type': 'application/json',
96 verbose headers   'cache-control': 'max-age=300',
96 verbose headers   'content-length': '11309',
96 verbose headers   'accept-ranges': 'bytes',
96 verbose headers   date: 'Thu, 25 Feb 2016 13:52:14 GMT',
96 verbose headers   via: '1.1 varnish',
96 verbose headers   age: '169',
96 verbose headers   connection: 'keep-alive',
96 verbose headers   'x-served-by': 'cache-iad2138-IAD',
96 verbose headers   'x-cache': 'HIT',
96 verbose headers   'x-cache-hits': '4',
96 verbose headers   'x-timer': 'S1456408334.257839,VS0,VE0',
96 verbose headers   vary: 'Accept' }
97 silly get cb [ 200,
97 silly get   { server: 'CouchDB/1.5.0 (Erlang OTP/R16B03)',
97 silly get     etag: '"4T2YM1183BMIEH25O8P2RBD4U"',
97 silly get     'content-type': 'application/json',
97 silly get     'cache-control': 'max-age=300',
97 silly get     'content-length': '11309',
97 silly get     'accept-ranges': 'bytes',
97 silly get     date: 'Thu, 25 Feb 2016 13:52:14 GMT',
97 silly get     via: '1.1 varnish',
97 silly get     age: '169',
97 silly get     connection: 'keep-alive',
97 silly get     'x-served-by': 'cache-iad2138-IAD',
97 silly get     'x-cache': 'HIT',
97 silly get     'x-cache-hits': '4',
97 silly get     'x-timer': 'S1456408334.257839,VS0,VE0',
97 silly get     vary: 'Accept' } ]
98 verbose get saving findup-sync to /Users/seandinan/.npm/registry.npmjs.org/findup-sync/.cache.json
99 silly resolveWithNewModule findup-sync@0.1.3 checking installable status
100 silly cache add args [ 'findup-sync@~0.1.0', null ]
101 verbose cache add spec findup-sync@~0.1.0
102 silly cache add parsed spec Result {
102 silly cache add   raw: 'findup-sync@~0.1.0',
102 silly cache add   scope: null,
102 silly cache add   name: 'findup-sync',
102 silly cache add   rawSpec: '~0.1.0',
102 silly cache add   spec: '>=0.1.0 <0.2.0',
102 silly cache add   type: 'range' }
103 silly addNamed findup-sync@>=0.1.0 <0.2.0
104 verbose addNamed ">=0.1.0 <0.2.0" is a valid semver range for findup-sync
105 silly addNameRange { name: 'findup-sync', range: '>=0.1.0 <0.2.0', hasData: false }
106 silly mapToRegistry name findup-sync
107 silly mapToRegistry using default registry
108 silly mapToRegistry registry https://registry.npmjs.org/
109 silly mapToRegistry uri https://registry.npmjs.org/findup-sync
110 verbose addNameRange registry:https://registry.npmjs.org/findup-sync not in flight; fetching
111 verbose get https://registry.npmjs.org/findup-sync not expired, no request
112 silly addNameRange number 2 { name: 'findup-sync', range: '>=0.1.0 <0.2.0', hasData: true }
113 silly addNameRange versions [ 'findup-sync',
113 silly addNameRange   [ '0.1.0', '0.1.1', '0.1.2', '0.1.3', '0.2.0', '0.2.1', '0.3.0' ] ]
114 silly addNamed findup-sync@0.1.3
115 verbose addNamed "0.1.3" is a plain semver version for findup-sync
116 silly mapToRegistry name findup-sync
117 silly mapToRegistry using default registry
118 silly mapToRegistry registry https://registry.npmjs.org/
119 silly mapToRegistry uri https://registry.npmjs.org/findup-sync
120 verbose addRemoteTarball https://registry.npmjs.org/findup-sync/-/findup-sync-0.1.3.tgz not in flight; adding
121 verbose addRemoteTarball [ 'https://registry.npmjs.org/findup-sync/-/findup-sync-0.1.3.tgz',
121 verbose addRemoteTarball   '7f3e7a97b82392c653bf06589bd85190e93c3683' ]
122 info retry fetch attempt 1 at 8:52:14 AM
123 info attempt registry request try #1 at 8:52:14 AM
124 http fetch GET https://registry.npmjs.org/findup-sync/-/findup-sync-0.1.3.tgz
125 http 304 https://registry.npmjs.org/resolve
126 verbose headers { date: 'Thu, 25 Feb 2016 13:52:14 GMT',
126 verbose headers   via: '1.1 varnish',
126 verbose headers   'cache-control': 'max-age=300',
126 verbose headers   etag: '"E5LYAO9ANDLZYP3M2AL72NV6M"',
126 verbose headers   age: '220',
126 verbose headers   connection: 'keep-alive',
126 verbose headers   'x-served-by': 'cache-iad2136-IAD',
126 verbose headers   'x-cache': 'HIT',
126 verbose headers   'x-cache-hits': '11',
126 verbose headers   'x-timer': 'S1456408334.283439,VS0,VE0',
126 verbose headers   vary: 'Accept' }
127 silly get cb [ 304,
127 silly get   { date: 'Thu, 25 Feb 2016 13:52:14 GMT',
127 silly get     via: '1.1 varnish',
127 silly get     'cache-control': 'max-age=300',
127 silly get     etag: '"E5LYAO9ANDLZYP3M2AL72NV6M"',
127 silly get     age: '220',
127 silly get     connection: 'keep-alive',
127 silly get     'x-served-by': 'cache-iad2136-IAD',
127 silly get     'x-cache': 'HIT',
127 silly get     'x-cache-hits': '11',
127 silly get     'x-timer': 'S1456408334.283439,VS0,VE0',
127 silly get     vary: 'Accept' } ]
128 verbose etag https://registry.npmjs.org/resolve from cache
129 verbose get saving resolve to /Users/seandinan/.npm/registry.npmjs.org/resolve/.cache.json
130 silly resolveWithNewModule resolve@0.3.1 checking installable status
131 silly cache add args [ 'resolve@~0.3.1', null ]
132 verbose cache add spec resolve@~0.3.1
133 silly cache add parsed spec Result {
133 silly cache add   raw: 'resolve@~0.3.1',
133 silly cache add   scope: null,
133 silly cache add   name: 'resolve',
133 silly cache add   rawSpec: '~0.3.1',
133 silly cache add   spec: '>=0.3.1 <0.4.0',
133 silly cache add   type: 'range' }
134 silly addNamed resolve@>=0.3.1 <0.4.0
135 verbose addNamed ">=0.3.1 <0.4.0" is a valid semver range for resolve
136 silly addNameRange { name: 'resolve', range: '>=0.3.1 <0.4.0', hasData: false }
137 silly mapToRegistry name resolve
138 silly mapToRegistry using default registry
139 silly mapToRegistry registry https://registry.npmjs.org/
140 silly mapToRegistry uri https://registry.npmjs.org/resolve
141 verbose addNameRange registry:https://registry.npmjs.org/resolve not in flight; fetching
142 http 200 https://registry.npmjs.org/nopt
143 verbose headers { server: 'CouchDB/1.5.0 (Erlang OTP/R16B03)',
143 verbose headers   etag: '"EOZTX9OIF152XUTZOK5DSHSTH"',
143 verbose headers   'content-type': 'application/json',
143 verbose headers   'cache-control': 'max-age=300',
143 verbose headers   'content-length': '31240',
143 verbose headers   'accept-ranges': 'bytes',
143 verbose headers   date: 'Thu, 25 Feb 2016 13:52:14 GMT',
143 verbose headers   via: '1.1 varnish',
143 verbose headers   age: '210',
143 verbose headers   connection: 'keep-alive',
143 verbose headers   'x-served-by': 'cache-iad2120-IAD',
143 verbose headers   'x-cache': 'HIT',
143 verbose headers   'x-cache-hits': '11',
143 verbose headers   'x-timer': 'S1456408334.242044,VS0,VE0',
143 verbose headers   vary: 'Accept' }
144 silly get cb [ 200,
144 silly get   { server: 'CouchDB/1.5.0 (Erlang OTP/R16B03)',
144 silly get     etag: '"EOZTX9OIF152XUTZOK5DSHSTH"',
144 silly get     'content-type': 'application/json',
144 silly get     'cache-control': 'max-age=300',
144 silly get     'content-length': '31240',
144 silly get     'accept-ranges': 'bytes',
144 silly get     date: 'Thu, 25 Feb 2016 13:52:14 GMT',
144 silly get     via: '1.1 varnish',
144 silly get     age: '210',
144 silly get     connection: 'keep-alive',
144 silly get     'x-served-by': 'cache-iad2120-IAD',
144 silly get     'x-cache': 'HIT',
144 silly get     'x-cache-hits': '11',
144 silly get     'x-timer': 'S1456408334.242044,VS0,VE0',
144 silly get     vary: 'Accept' } ]
145 verbose get saving nopt to /Users/seandinan/.npm/registry.npmjs.org/nopt/.cache.json
146 verbose get https://registry.npmjs.org/resolve not expired, no request
147 silly addNameRange number 2 { name: 'resolve', range: '>=0.3.1 <0.4.0', hasData: true }
148 silly addNameRange versions [ 'resolve',
148 silly addNameRange   [ '0.0.0',
148 silly addNameRange     '0.0.1',
148 silly addNameRange     '0.0.2',
148 silly addNameRange     '0.0.3',
148 silly addNameRange     '0.0.4',
148 silly addNameRange     '0.1.0',
148 silly addNameRange     '0.1.2',
148 silly addNameRange     '0.1.3',
148 silly addNameRange     '0.2.0',
148 silly addNameRange     '0.2.1',
148 silly addNameRange     '0.2.2',
148 silly addNameRange     '0.2.3',
148 silly addNameRange     '0.2.4',
148 silly addNameRange     '0.2.5',
148 silly addNameRange     '0.2.6',
148 silly addNameRange     '0.2.7',
148 silly addNameRange     '0.2.8',
148 silly addNameRange     '0.3.0',
148 silly addNameRange     '0.3.1',
148 silly addNameRange     '0.4.0',
148 silly addNameRange     '0.4.1',
148 silly addNameRange     '0.4.2',
148 silly addNameRange     '0.4.3',
148 silly addNameRange     '0.5.0',
148 silly addNameRange     '0.5.1',
148 silly addNameRange     '0.6.0',
148 silly addNameRange     '0.6.1',
148 silly addNameRange     '0.6.2',
148 silly addNameRange     '0.6.3',
148 silly addNameRange     '0.7.0',
148 silly addNameRange     '0.7.1',
148 silly addNameRange     '0.7.2',
148 silly addNameRange     '0.7.3',
148 silly addNameRange     '0.7.4',
148 silly addNameRange     '1.0.0',
148 silly addNameRange     '1.1.0',
148 silly addNameRange     '1.1.2',
148 silly addNameRange     '1.1.3',
148 silly addNameRange     '1.1.4',
148 silly addNameRange     '1.1.5',
148 silly addNameRange     '1.1.6',
148 silly addNameRange     '1.1.7' ] ]
149 silly addNamed resolve@0.3.1
150 verbose addNamed "0.3.1" is a plain semver version for resolve
151 silly mapToRegistry name resolve
152 silly mapToRegistry using default registry
153 silly mapToRegistry registry https://registry.npmjs.org/
154 silly mapToRegistry uri https://registry.npmjs.org/resolve
155 verbose addRemoteTarball https://registry.npmjs.org/resolve/-/resolve-0.3.1.tgz not in flight; adding
156 verbose addRemoteTarball [ 'https://registry.npmjs.org/resolve/-/resolve-0.3.1.tgz',
156 verbose addRemoteTarball   '34c63447c664c70598d1c9b126fc43b2a24310a4' ]
157 info retry fetch attempt 1 at 8:52:14 AM
158 info attempt registry request try #1 at 8:52:14 AM
159 http fetch GET https://registry.npmjs.org/resolve/-/resolve-0.3.1.tgz
160 silly resolveWithNewModule nopt@1.0.10 checking installable status
161 silly cache add args [ 'nopt@~1.0.10', null ]
162 verbose cache add spec nopt@~1.0.10
163 silly cache add parsed spec Result {
163 silly cache add   raw: 'nopt@~1.0.10',
163 silly cache add   scope: null,
163 silly cache add   name: 'nopt',
163 silly cache add   rawSpec: '~1.0.10',
163 silly cache add   spec: '>=1.0.10 <1.1.0',
163 silly cache add   type: 'range' }
164 silly addNamed nopt@>=1.0.10 <1.1.0
165 verbose addNamed ">=1.0.10 <1.1.0" is a valid semver range for nopt
166 silly addNameRange { name: 'nopt', range: '>=1.0.10 <1.1.0', hasData: false }
167 silly mapToRegistry name nopt
168 silly mapToRegistry using default registry
169 silly mapToRegistry registry https://registry.npmjs.org/
170 silly mapToRegistry uri https://registry.npmjs.org/nopt
171 verbose addNameRange registry:https://registry.npmjs.org/nopt not in flight; fetching
172 verbose get https://registry.npmjs.org/nopt not expired, no request
173 silly addNameRange number 2 { name: 'nopt', range: '>=1.0.10 <1.1.0', hasData: true }
174 silly addNameRange versions [ 'nopt',
174 silly addNameRange   [ '1.0.0',
174 silly addNameRange     '1.0.1',
174 silly addNameRange     '1.0.2',
174 silly addNameRange     '1.0.3',
174 silly addNameRange     '1.0.4',
174 silly addNameRange     '1.0.5',
174 silly addNameRange     '1.0.6',
174 silly addNameRange     '1.0.7',
174 silly addNameRange     '1.0.8',
174 silly addNameRange     '1.0.9',
174 silly addNameRange     '1.0.10',
174 silly addNameRange     '2.0.0',
174 silly addNameRange     '2.1.0',
174 silly addNameRange     '2.1.1',
174 silly addNameRange     '2.1.2',
174 silly addNameRange     '2.2.0',
174 silly addNameRange     '2.2.1',
174 silly addNameRange     '3.0.0',
174 silly addNameRange     '3.0.1',
174 silly addNameRange     '3.0.2',
174 silly addNameRange     '3.0.3',
174 silly addNameRange     '3.0.4',
174 silly addNameRange     '3.0.5',
174 silly addNameRange     '3.0.6' ] ]
175 silly addNamed nopt@1.0.10
176 verbose addNamed "1.0.10" is a plain semver version for nopt
177 silly mapToRegistry name nopt
178 silly mapToRegistry using default registry
179 silly mapToRegistry registry https://registry.npmjs.org/
180 silly mapToRegistry uri https://registry.npmjs.org/nopt
181 verbose addRemoteTarball https://registry.npmjs.org/nopt/-/nopt-1.0.10.tgz not in flight; adding
182 verbose addRemoteTarball [ 'https://registry.npmjs.org/nopt/-/nopt-1.0.10.tgz',
182 verbose addRemoteTarball   '6ddd21bd2a31417b92727dd585f8a6f37608ebee' ]
183 info retry fetch attempt 1 at 8:52:14 AM
184 info attempt registry request try #1 at 8:52:14 AM
185 http fetch GET https://registry.npmjs.org/nopt/-/nopt-1.0.10.tgz
186 http fetch 200 https://registry.npmjs.org/findup-sync/-/findup-sync-0.1.3.tgz
187 silly fetchAndShaCheck shasum 7f3e7a97b82392c653bf06589bd85190e93c3683
188 verbose addTmpTarball /var/folders/tb/lm_mpjqd56s5npm2lt2fbdt80000gn/T/npm-1912-45d62de5/registry.npmjs.org/findup-sync/-/findup-sync-0.1.3.tgz not in flight; adding
189 verbose addTmpTarball already have metadata; skipping unpack for findup-sync@0.1.3
190 silly cache afterAdd findup-sync@0.1.3
191 verbose afterAdd /Users/seandinan/.npm/findup-sync/0.1.3/package/package.json not in flight; writing
192 verbose afterAdd /Users/seandinan/.npm/findup-sync/0.1.3/package/package.json written
193 http fetch 200 https://registry.npmjs.org/resolve/-/resolve-0.3.1.tgz
194 silly fetchAndShaCheck shasum 34c63447c664c70598d1c9b126fc43b2a24310a4
195 verbose addTmpTarball /var/folders/tb/lm_mpjqd56s5npm2lt2fbdt80000gn/T/npm-1912-45d62de5/registry.npmjs.org/resolve/-/resolve-0.3.1.tgz not in flight; adding
196 verbose addTmpTarball already have metadata; skipping unpack for resolve@0.3.1
197 silly cache afterAdd resolve@0.3.1
198 verbose afterAdd /Users/seandinan/.npm/resolve/0.3.1/package/package.json not in flight; writing
199 verbose afterAdd /Users/seandinan/.npm/resolve/0.3.1/package/package.json written
200 http fetch 200 https://registry.npmjs.org/nopt/-/nopt-1.0.10.tgz
201 silly fetchAndShaCheck shasum 6ddd21bd2a31417b92727dd585f8a6f37608ebee
202 verbose addTmpTarball /var/folders/tb/lm_mpjqd56s5npm2lt2fbdt80000gn/T/npm-1912-45d62de5/registry.npmjs.org/nopt/-/nopt-1.0.10.tgz not in flight; adding
203 verbose addTmpTarball already have metadata; skipping unpack for nopt@1.0.10
204 silly cache afterAdd nopt@1.0.10
205 verbose afterAdd /Users/seandinan/.npm/nopt/1.0.10/package/package.json not in flight; writing
206 verbose afterAdd /Users/seandinan/.npm/nopt/1.0.10/package/package.json written
207 silly fetchNamedPackageData glob
208 silly mapToRegistry name glob
209 silly mapToRegistry using default registry
210 silly mapToRegistry registry https://registry.npmjs.org/
211 silly mapToRegistry uri https://registry.npmjs.org/glob
212 silly fetchNamedPackageData lodash
213 silly mapToRegistry name lodash
214 silly mapToRegistry using default registry
215 silly mapToRegistry registry https://registry.npmjs.org/
216 silly mapToRegistry uri https://registry.npmjs.org/lodash
217 verbose request uri https://registry.npmjs.org/lodash
218 verbose request no auth needed
219 info attempt registry request try #1 at 8:52:15 AM
220 http request GET https://registry.npmjs.org/lodash
221 verbose request uri https://registry.npmjs.org/glob
222 verbose request no auth needed
223 info attempt registry request try #1 at 8:52:15 AM
224 verbose etag "AEVPOX1EDFC5M71KBLT9Z6MHB"
225 http request GET https://registry.npmjs.org/glob
226 http 200 https://registry.npmjs.org/lodash
227 verbose headers { server: 'CouchDB/1.5.0 (Erlang OTP/R16B03)',
227 verbose headers   etag: '"1Z1HON0OIF81R0XT1GYZE5F95"',
227 verbose headers   'content-type': 'application/json',
227 verbose headers   'cache-control': 'max-age=300',
227 verbose headers   'content-length': '120553',
227 verbose headers   'accept-ranges': 'bytes',
227 verbose headers   date: 'Thu, 25 Feb 2016 13:52:15 GMT',
227 verbose headers   via: '1.1 varnish',
227 verbose headers   age: '49',
227 verbose headers   connection: 'keep-alive',
227 verbose headers   'x-served-by': 'cache-iad2144-IAD',
227 verbose headers   'x-cache': 'HIT',
227 verbose headers   'x-cache-hits': '7',
227 verbose headers   'x-timer': 'S1456408335.031904,VS0,VE0',
227 verbose headers   vary: 'Accept' }
228 silly get cb [ 200,
228 silly get   { server: 'CouchDB/1.5.0 (Erlang OTP/R16B03)',
228 silly get     etag: '"1Z1HON0OIF81R0XT1GYZE5F95"',
228 silly get     'content-type': 'application/json',
228 silly get     'cache-control': 'max-age=300',
228 silly get     'content-length': '120553',
228 silly get     'accept-ranges': 'bytes',
228 silly get     date: 'Thu, 25 Feb 2016 13:52:15 GMT',
228 silly get     via: '1.1 varnish',
228 silly get     age: '49',
228 silly get     connection: 'keep-alive',
228 silly get     'x-served-by': 'cache-iad2144-IAD',
228 silly get     'x-cache': 'HIT',
228 silly get     'x-cache-hits': '7',
228 silly get     'x-timer': 'S1456408335.031904,VS0,VE0',
228 silly get     vary: 'Accept' } ]
229 verbose get saving lodash to /Users/seandinan/.npm/registry.npmjs.org/lodash/.cache.json
230 silly resolveWithNewModule lodash@2.4.2 checking installable status
231 silly cache add args [ 'lodash@~2.4.1', null ]
232 verbose cache add spec lodash@~2.4.1
233 silly cache add parsed spec Result {
233 silly cache add   raw: 'lodash@~2.4.1',
233 silly cache add   scope: null,
233 silly cache add   name: 'lodash',
233 silly cache add   rawSpec: '~2.4.1',
233 silly cache add   spec: '>=2.4.1 <2.5.0',
233 silly cache add   type: 'range' }
234 silly addNamed lodash@>=2.4.1 <2.5.0
235 verbose addNamed ">=2.4.1 <2.5.0" is a valid semver range for lodash
236 silly addNameRange { name: 'lodash', range: '>=2.4.1 <2.5.0', hasData: false }
237 silly mapToRegistry name lodash
238 silly mapToRegistry using default registry
239 silly mapToRegistry registry https://registry.npmjs.org/
240 silly mapToRegistry uri https://registry.npmjs.org/lodash
241 verbose addNameRange registry:https://registry.npmjs.org/lodash not in flight; fetching
242 verbose get https://registry.npmjs.org/lodash not expired, no request
243 silly addNameRange number 2 { name: 'lodash', range: '>=2.4.1 <2.5.0', hasData: true }
244 silly addNameRange versions [ 'lodash',
244 silly addNameRange   [ '0.1.0',
244 silly addNameRange     '0.2.0',
244 silly addNameRange     '0.2.1',
244 silly addNameRange     '0.2.2',
244 silly addNameRange     '0.3.0',
244 silly addNameRange     '0.3.1',
244 silly addNameRange     '0.3.2',
244 silly addNameRange     '0.4.0',
244 silly addNameRange     '0.4.1',
244 silly addNameRange     '0.4.2',
244 silly addNameRange     '0.5.0-rc.1',
244 silly addNameRange     '0.5.0',
244 silly addNameRange     '0.5.1',
244 silly addNameRange     '0.5.2',
244 silly addNameRange     '0.6.0',
244 silly addNameRange     '0.6.1',
244 silly addNameRange     '0.7.0',
244 silly addNameRange     '0.8.0',
244 silly addNameRange     '0.8.1',
244 silly addNameRange     '0.8.2',
244 silly addNameRange     '0.9.0',
244 silly addNameRange     '0.9.1',
244 silly addNameRange     '0.9.2',
244 silly addNameRange     '0.10.0',
244 silly addNameRange     '1.0.0-rc.1',
244 silly addNameRange     '1.0.0-rc.2',
244 silly addNameRange     '1.0.0-rc.3',
244 silly addNameRange     '1.0.0',
244 silly addNameRange     '1.0.1',
244 silly addNameRange     '1.1.0',
244 silly addNameRange     '1.1.1',
244 silly addNameRange     '1.2.0',
244 silly addNameRange     '1.2.1',
244 silly addNameRange     '1.3.0',
244 silly addNameRange     '1.3.1',
244 silly addNameRange     '2.0.0',
244 silly addNameRange     '2.1.0',
244 silly addNameRange     '2.2.0',
244 silly addNameRange     '2.2.1',
244 silly addNameRange     '2.3.0',
244 silly addNameRange     '2.4.0',
244 silly addNameRange     '2.4.1',
244 silly addNameRange     '3.0.0',
244 silly addNameRange     '3.0.1',
244 silly addNameRange     '3.1.0',
244 silly addNameRange     '3.2.0',
244 silly addNameRange     '3.3.0',
244 silly addNameRange     '3.3.1',
244 silly addNameRange     '3.4.0',
244 silly addNameRange     '3.5.0',
244 silly addNameRange     '3.6.0',
244 silly addNameRange     '1.0.2',
244 silly addNameRange     '3.7.0',
244 silly addNameRange     '2.4.2',
244 silly addNameRange     '3.8.0',
244 silly addNameRange     '3.9.0',
244 silly addNameRange     '3.9.1',
244 silly addNameRange     '3.9.2',
244 silly addNameRange     '3.9.3',
244 silly addNameRange     '3.10.0',
244 silly addNameRange     '3.10.1',
244 silly addNameRange     '4.0.0',
244 silly addNameRange     '4.0.1',
244 silly addNameRange     '4.1.0',
244 silly addNameRange     '4.2.0',
244 silly addNameRange     '4.2.1',
244 silly addNameRange     '4.3.0',
244 silly addNameRange     '4.4.0',
244 silly addNameRange     '4.5.0',
244 silly addNameRange     '4.5.1' ] ]
245 silly addNamed lodash@2.4.2
246 verbose addNamed "2.4.2" is a plain semver version for lodash
247 silly mapToRegistry name lodash
248 silly mapToRegistry using default registry
249 silly mapToRegistry registry https://registry.npmjs.org/
250 silly mapToRegistry uri https://registry.npmjs.org/lodash
251 verbose addRemoteTarball https://registry.npmjs.org/lodash/-/lodash-2.4.2.tgz not in flight; adding
252 verbose addRemoteTarball [ 'https://registry.npmjs.org/lodash/-/lodash-2.4.2.tgz',
252 verbose addRemoteTarball   'fadd834b9683073da179b3eae6d9c0d15053f73e' ]
253 info retry fetch attempt 1 at 8:52:17 AM
254 info attempt registry request try #1 at 8:52:17 AM
255 http fetch GET https://registry.npmjs.org/lodash/-/lodash-2.4.2.tgz
256 http 200 https://registry.npmjs.org/glob
257 verbose headers { server: 'CouchDB/1.5.0 (Erlang OTP/R16B03)',
257 verbose headers   etag: '"L8UY1GFQTZGM9BJ8FRYWFLID"',
257 verbose headers   'content-type': 'application/json',
257 verbose headers   'cache-control': 'max-age=300',
257 verbose headers   'content-length': '115888',
257 verbose headers   'accept-ranges': 'bytes',
257 verbose headers   date: 'Thu, 25 Feb 2016 13:52:15 GMT',
257 verbose headers   via: '1.1 varnish',
257 verbose headers   age: '127',
257 verbose headers   connection: 'keep-alive',
257 verbose headers   'x-served-by': 'cache-iad2145-IAD',
257 verbose headers   'x-cache': 'HIT',
257 verbose headers   'x-cache-hits': '23',
257 verbose headers   'x-timer': 'S1456408335.034740,VS0,VE0',
257 verbose headers   vary: 'Accept' }
258 silly get cb [ 200,
258 silly get   { server: 'CouchDB/1.5.0 (Erlang OTP/R16B03)',
258 silly get     etag: '"L8UY1GFQTZGM9BJ8FRYWFLID"',
258 silly get     'content-type': 'application/json',
258 silly get     'cache-control': 'max-age=300',
258 silly get     'content-length': '115888',
258 silly get     'accept-ranges': 'bytes',
258 silly get     date: 'Thu, 25 Feb 2016 13:52:15 GMT',
258 silly get     via: '1.1 varnish',
258 silly get     age: '127',
258 silly get     connection: 'keep-alive',
258 silly get     'x-served-by': 'cache-iad2145-IAD',
258 silly get     'x-cache': 'HIT',
258 silly get     'x-cache-hits': '23',
258 silly get     'x-timer': 'S1456408335.034740,VS0,VE0',
258 silly get     vary: 'Accept' } ]
259 verbose get saving glob to /Users/seandinan/.npm/registry.npmjs.org/glob/.cache.json
260 silly resolveWithNewModule glob@3.2.11 checking installable status
261 silly cache add args [ 'glob@~3.2.9', null ]
262 verbose cache add spec glob@~3.2.9
263 silly cache add parsed spec Result {
263 silly cache add   raw: 'glob@~3.2.9',
263 silly cache add   scope: null,
263 silly cache add   name: 'glob',
263 silly cache add   rawSpec: '~3.2.9',
263 silly cache add   spec: '>=3.2.9 <3.3.0',
263 silly cache add   type: 'range' }
264 silly addNamed glob@>=3.2.9 <3.3.0
265 verbose addNamed ">=3.2.9 <3.3.0" is a valid semver range for glob
266 silly addNameRange { name: 'glob', range: '>=3.2.9 <3.3.0', hasData: false }
267 silly mapToRegistry name glob
268 silly mapToRegistry using default registry
269 silly mapToRegistry registry https://registry.npmjs.org/
270 silly mapToRegistry uri https://registry.npmjs.org/glob
271 verbose addNameRange registry:https://registry.npmjs.org/glob not in flight; fetching
272 verbose get https://registry.npmjs.org/glob not expired, no request
273 silly addNameRange number 2 { name: 'glob', range: '>=3.2.9 <3.3.0', hasData: true }
274 silly addNameRange versions [ 'glob',
274 silly addNameRange   [ '1.1.0',
274 silly addNameRange     '2.0.9',
274 silly addNameRange     '2.0.8',
274 silly addNameRange     '2.0.7',
274 silly addNameRange     '2.1.0',
274 silly addNameRange     '3.0.0',
274 silly addNameRange     '3.0.1',
274 silly addNameRange     '3.1.0',
274 silly addNameRange     '3.1.1',
274 silly addNameRange     '3.1.2',
274 silly addNameRange     '3.1.3',
274 silly addNameRange     '3.1.4',
274 silly addNameRange     '3.1.5',
274 silly addNameRange     '3.1.6',
274 silly addNameRange     '3.1.7',
274 silly addNameRange     '3.1.9',
274 silly addNameRange     '3.1.10',
274 silly addNameRange     '3.1.11',
274 silly addNameRange     '3.1.12',
274 silly addNameRange     '3.1.13',
274 silly addNameRange     '3.1.14',
274 silly addNameRange     '3.1.15',
274 silly addNameRange     '3.1.16',
274 silly addNameRange     '3.1.17',
274 silly addNameRange     '3.1.18',
274 silly addNameRange     '3.1.19',
274 silly addNameRange     '3.1.20',
274 silly addNameRange     '3.1.21',
274 silly addNameRange     '3.2.0',
274 silly addNameRange     '3.2.1',
274 silly addNameRange     '3.2.3',
274 silly addNameRange     '3.2.4',
274 silly addNameRange     '3.2.5',
274 silly addNameRange     '3.2.6',
274 silly addNameRange     '3.2.7',
274 silly addNameRange     '3.2.8',
274 silly addNameRange     '3.2.9',
274 silly addNameRange     '3.2.10',
274 silly addNameRange     '3.2.11',
274 silly addNameRange     '4.0.0',
274 silly addNameRange     '4.0.1',
274 silly addNameRange     '4.0.2',
274 silly addNameRange     '4.0.3',
274 silly addNameRange     '4.0.4',
274 silly addNameRange     '4.0.5',
274 silly addNameRange     '4.0.6',
274 silly addNameRange     '4.1.2-beta',
274 silly addNameRange     '4.1.2',
274 silly addNameRange     '4.1.3',
274 silly addNameRange     '4.1.4',
274 silly addNameRange     '4.1.5',
274 silly addNameRange     '4.1.6',
274 silly addNameRange     '4.2.0',
274 silly addNameRange     '4.2.1',
274 silly addNameRange     '4.2.2',
274 silly addNameRange     '4.3.0',
274 silly addNameRange     '4.3.1',
274 silly addNameRange     '4.3.2',
274 silly addNameRange     '4.3.3',
274 silly addNameRange     '4.3.4',
274 silly addNameRange     '4.3.5',
274 silly addNameRange     '4.4.0',
274 silly addNameRange     '4.4.2',
274 silly addNameRange     '4.5.0',
274 silly addNameRange     '5.0.0',
274 silly addNameRange     '4.5.1',
274 silly addNameRange     '5.0.1',
274 silly addNameRange     '4.5.2',
274 silly addNameRange     '5.0.2',
274 silly addNameRange     '4.5.3',
274 silly addNameRange     '5.0.3',
274 silly addNameRange     '5.0.4',
274 silly addNameRange     '5.0.5',
274 silly addNameRange     '5.0.6',
274 silly addNameRange     '5.0.7',
274 silly addNameRange     '5.0.9',
274 silly addNameRange     '5.0.10',
274 silly addNameRange     '5.0.11',
274 silly addNameRange     '5.0.12',
274 silly addNameRange     '5.0.13',
274 silly addNameRange     '5.0.14',
274 silly addNameRange     '5.0.15',
274 silly addNameRange     '6.0.1',
274 silly addNameRange     '6.0.2',
274 silly addNameRange     '6.0.3',
274 silly addNameRange     '6.0.4',
274 silly addNameRange     '7.0.0' ] ]
275 silly addNamed glob@3.2.11
276 verbose addNamed "3.2.11" is a plain semver version for glob
277 silly mapToRegistry name glob
278 silly mapToRegistry using default registry
279 silly mapToRegistry registry https://registry.npmjs.org/
280 silly mapToRegistry uri https://registry.npmjs.org/glob
281 verbose addRemoteTarball https://registry.npmjs.org/glob/-/glob-3.2.11.tgz not in flight; adding
282 verbose addRemoteTarball [ 'https://registry.npmjs.org/glob/-/glob-3.2.11.tgz',
282 verbose addRemoteTarball   '4a973f635b9190f715d10987d5c00fd2815ebe3d' ]
283 info retry fetch attempt 1 at 8:52:17 AM
284 info attempt registry request try #1 at 8:52:17 AM
285 http fetch GET https://registry.npmjs.org/glob/-/glob-3.2.11.tgz
286 http fetch 200 https://registry.npmjs.org/lodash/-/lodash-2.4.2.tgz
287 http fetch 200 https://registry.npmjs.org/glob/-/glob-3.2.11.tgz
288 silly fetchAndShaCheck shasum 4a973f635b9190f715d10987d5c00fd2815ebe3d
289 verbose addTmpTarball /var/folders/tb/lm_mpjqd56s5npm2lt2fbdt80000gn/T/npm-1912-45d62de5/registry.npmjs.org/glob/-/glob-3.2.11.tgz not in flight; adding
290 verbose addTmpTarball already have metadata; skipping unpack for glob@3.2.11
291 silly cache afterAdd glob@3.2.11
292 verbose afterAdd /Users/seandinan/.npm/glob/3.2.11/package/package.json not in flight; writing
293 verbose afterAdd /Users/seandinan/.npm/glob/3.2.11/package/package.json written
294 silly fetchAndShaCheck shasum fadd834b9683073da179b3eae6d9c0d15053f73e
295 verbose addTmpTarball /var/folders/tb/lm_mpjqd56s5npm2lt2fbdt80000gn/T/npm-1912-45d62de5/registry.npmjs.org/lodash/-/lodash-2.4.2.tgz not in flight; adding
296 verbose addTmpTarball already have metadata; skipping unpack for lodash@2.4.2
297 silly cache afterAdd lodash@2.4.2
298 verbose afterAdd /Users/seandinan/.npm/lodash/2.4.2/package/package.json not in flight; writing
299 verbose afterAdd /Users/seandinan/.npm/lodash/2.4.2/package/package.json written
300 silly fetchNamedPackageData inherits
301 silly mapToRegistry name inherits
302 silly mapToRegistry using default registry
303 silly mapToRegistry registry https://registry.npmjs.org/
304 silly mapToRegistry uri https://registry.npmjs.org/inherits
305 silly fetchNamedPackageData minimatch
306 silly mapToRegistry name minimatch
307 silly mapToRegistry using default registry
308 silly mapToRegistry registry https://registry.npmjs.org/
309 silly mapToRegistry uri https://registry.npmjs.org/minimatch
310 verbose request uri https://registry.npmjs.org/inherits
311 verbose request no auth needed
312 info attempt registry request try #1 at 8:52:19 AM
313 verbose etag "9X8QQPTMEHBKEGT3NRFBWEXFL"
314 http request GET https://registry.npmjs.org/inherits
315 verbose request uri https://registry.npmjs.org/minimatch
316 verbose request no auth needed
317 info attempt registry request try #1 at 8:52:19 AM
318 verbose etag "8HS6SGP4P79QYX2D5VF5NHA4V"
319 http request GET https://registry.npmjs.org/minimatch
320 http 200 https://registry.npmjs.org/minimatch
321 verbose headers { server: 'CouchDB/1.5.0 (Erlang OTP/R16B03)',
321 verbose headers   etag: '"9842TJ5AM2N22TN2QRRRNRJEV"',
321 verbose headers   'content-type': 'application/json',
321 verbose headers   'cache-control': 'max-age=300',
321 verbose headers   'content-length': '46216',
321 verbose headers   'accept-ranges': 'bytes',
321 verbose headers   date: 'Thu, 25 Feb 2016 13:52:19 GMT',
321 verbose headers   via: '1.1 varnish',
321 verbose headers   age: '174',
321 verbose headers   connection: 'keep-alive',
321 verbose headers   'x-served-by': 'cache-iad2125-IAD',
321 verbose headers   'x-cache': 'HIT',
321 verbose headers   'x-cache-hits': '20',
321 verbose headers   'x-timer': 'S1456408339.095042,VS0,VE0',
321 verbose headers   vary: 'Accept' }
322 silly get cb [ 200,
322 silly get   { server: 'CouchDB/1.5.0 (Erlang OTP/R16B03)',
322 silly get     etag: '"9842TJ5AM2N22TN2QRRRNRJEV"',
322 silly get     'content-type': 'application/json',
322 silly get     'cache-control': 'max-age=300',
322 silly get     'content-length': '46216',
322 silly get     'accept-ranges': 'bytes',
322 silly get     date: 'Thu, 25 Feb 2016 13:52:19 GMT',
322 silly get     via: '1.1 varnish',
322 silly get     age: '174',
322 silly get     connection: 'keep-alive',
322 silly get     'x-served-by': 'cache-iad2125-IAD',
322 silly get     'x-cache': 'HIT',
322 silly get     'x-cache-hits': '20',
322 silly get     'x-timer': 'S1456408339.095042,VS0,VE0',
322 silly get     vary: 'Accept' } ]
323 verbose get saving minimatch to /Users/seandinan/.npm/registry.npmjs.org/minimatch/.cache.json
324 silly resolveWithNewModule minimatch@0.3.0 checking installable status
325 silly cache add args [ 'minimatch@0.3', null ]
326 verbose cache add spec minimatch@0.3
327 silly cache add parsed spec Result {
327 silly cache add   raw: 'minimatch@0.3',
327 silly cache add   scope: null,
327 silly cache add   name: 'minimatch',
327 silly cache add   rawSpec: '0.3',
327 silly cache add   spec: '>=0.3.0 <0.4.0',
327 silly cache add   type: 'range' }
328 silly addNamed minimatch@>=0.3.0 <0.4.0
329 verbose addNamed ">=0.3.0 <0.4.0" is a valid semver range for minimatch
330 silly addNameRange { name: 'minimatch', range: '>=0.3.0 <0.4.0', hasData: false }
331 silly mapToRegistry name minimatch
332 silly mapToRegistry using default registry
333 silly mapToRegistry registry https://registry.npmjs.org/
334 silly mapToRegistry uri https://registry.npmjs.org/minimatch
335 verbose addNameRange registry:https://registry.npmjs.org/minimatch not in flight; fetching
336 verbose get https://registry.npmjs.org/minimatch not expired, no request
337 silly addNameRange number 2 { name: 'minimatch', range: '>=0.3.0 <0.4.0', hasData: true }
338 silly addNameRange versions [ 'minimatch',
338 silly addNameRange   [ '0.0.1',
338 silly addNameRange     '0.0.2',
338 silly addNameRange     '0.0.4',
338 silly addNameRange     '0.0.5',
338 silly addNameRange     '0.1.1',
338 silly addNameRange     '0.1.2',
338 silly addNameRange     '0.1.3',
338 silly addNameRange     '0.1.4',
338 silly addNameRange     '0.1.5',
338 silly addNameRange     '0.2.0',
338 silly addNameRange     '0.2.2',
338 silly addNameRange     '0.2.3',
338 silly addNameRange     '0.2.4',
338 silly addNameRange     '0.2.5',
338 silly addNameRange     '0.2.6',
338 silly addNameRange     '0.2.7',
338 silly addNameRange     '0.2.8',
338 silly addNameRange     '0.2.9',
338 silly addNameRange     '0.2.10',
338 silly addNameRange     '0.2.11',
338 silly addNameRange     '0.2.12',
338 silly addNameRange     '0.2.13',
338 silly addNameRange     '0.2.14',
338 silly addNameRange     '0.3.0',
338 silly addNameRange     '0.4.0',
338 silly addNameRange     '1.0.0',
338 silly addNameRange     '2.0.0',
338 silly addNameRange     '2.0.1',
338 silly addNameRange     '2.0.2',
338 silly addNameRange     '2.0.3',
338 silly addNameRange     '2.0.4',
338 silly addNameRange     '2.0.5',
338 silly addNameRange     '2.0.6',
338 silly addNameRange     '2.0.7',
338 silly addNameRange     '2.0.8',
338 silly addNameRange     '2.0.9',
338 silly addNameRange     '2.0.10',
338 silly addNameRange     '3.0.0' ] ]
339 silly addNamed minimatch@0.3.0
340 verbose addNamed "0.3.0" is a plain semver version for minimatch
341 silly mapToRegistry name minimatch
342 silly mapToRegistry using default registry
343 silly mapToRegistry registry https://registry.npmjs.org/
344 silly mapToRegistry uri https://registry.npmjs.org/minimatch
345 verbose addRemoteTarball https://registry.npmjs.org/minimatch/-/minimatch-0.3.0.tgz not in flight; adding
346 verbose addRemoteTarball [ 'https://registry.npmjs.org/minimatch/-/minimatch-0.3.0.tgz',
346 verbose addRemoteTarball   '275d8edaac4f1bb3326472089e7949c8394699dd' ]
347 info retry fetch attempt 1 at 8:52:19 AM
348 info attempt registry request try #1 at 8:52:19 AM
349 http fetch GET https://registry.npmjs.org/minimatch/-/minimatch-0.3.0.tgz
350 http fetch 200 https://registry.npmjs.org/minimatch/-/minimatch-0.3.0.tgz
351 silly fetchAndShaCheck shasum 275d8edaac4f1bb3326472089e7949c8394699dd
352 verbose addTmpTarball /var/folders/tb/lm_mpjqd56s5npm2lt2fbdt80000gn/T/npm-1912-45d62de5/registry.npmjs.org/minimatch/-/minimatch-0.3.0.tgz not in flight; adding
353 verbose addTmpTarball already have metadata; skipping unpack for minimatch@0.3.0
354 silly cache afterAdd minimatch@0.3.0
355 verbose afterAdd /Users/seandinan/.npm/minimatch/0.3.0/package/package.json not in flight; writing
356 verbose afterAdd /Users/seandinan/.npm/minimatch/0.3.0/package/package.json written
357 http 200 https://registry.npmjs.org/inherits
358 verbose headers { server: 'CouchDB/1.5.0 (Erlang OTP/R16B03)',
358 verbose headers   etag: '"BVOF2Z1ZCZETY5PJSZ43W6X0K"',
358 verbose headers   'content-type': 'application/json',
358 verbose headers   'cache-control': 'max-age=300',
358 verbose headers   'content-length': '7251',
358 verbose headers   'accept-ranges': 'bytes',
358 verbose headers   date: 'Thu, 25 Feb 2016 13:52:20 GMT',
358 verbose headers   via: '1.1 varnish',
358 verbose headers   age: '243',
358 verbose headers   connection: 'keep-alive',
358 verbose headers   'x-served-by': 'cache-iad2127-IAD',
358 verbose headers   'x-cache': 'HIT',
358 verbose headers   'x-cache-hits': '34',
358 verbose headers   'x-timer': 'S1456408340.076583,VS0,VE0',
358 verbose headers   vary: 'Accept' }
359 silly get cb [ 200,
359 silly get   { server: 'CouchDB/1.5.0 (Erlang OTP/R16B03)',
359 silly get     etag: '"BVOF2Z1ZCZETY5PJSZ43W6X0K"',
359 silly get     'content-type': 'application/json',
359 silly get     'cache-control': 'max-age=300',
359 silly get     'content-length': '7251',
359 silly get     'accept-ranges': 'bytes',
359 silly get     date: 'Thu, 25 Feb 2016 13:52:20 GMT',
359 silly get     via: '1.1 varnish',
359 silly get     age: '243',
359 silly get     connection: 'keep-alive',
359 silly get     'x-served-by': 'cache-iad2127-IAD',
359 silly get     'x-cache': 'HIT',
359 silly get     'x-cache-hits': '34',
359 silly get     'x-timer': 'S1456408340.076583,VS0,VE0',
359 silly get     vary: 'Accept' } ]
360 verbose get saving inherits to /Users/seandinan/.npm/registry.npmjs.org/inherits/.cache.json
361 silly resolveWithNewModule inherits@2.0.1 checking installable status
362 silly cache add args [ 'inherits@2', null ]
363 verbose cache add spec inherits@2
364 silly cache add parsed spec Result {
364 silly cache add   raw: 'inherits@2',
364 silly cache add   scope: null,
364 silly cache add   name: 'inherits',
364 silly cache add   rawSpec: '2',
364 silly cache add   spec: '>=2.0.0 <3.0.0',
364 silly cache add   type: 'range' }
365 silly addNamed inherits@>=2.0.0 <3.0.0
366 verbose addNamed ">=2.0.0 <3.0.0" is a valid semver range for inherits
367 silly addNameRange { name: 'inherits', range: '>=2.0.0 <3.0.0', hasData: false }
368 silly mapToRegistry name inherits
369 silly mapToRegistry using default registry
370 silly mapToRegistry registry https://registry.npmjs.org/
371 silly mapToRegistry uri https://registry.npmjs.org/inherits
372 verbose addNameRange registry:https://registry.npmjs.org/inherits not in flight; fetching
373 verbose get https://registry.npmjs.org/inherits not expired, no request
374 silly addNameRange number 2 { name: 'inherits', range: '>=2.0.0 <3.0.0', hasData: true }
375 silly addNameRange versions [ 'inherits', [ '1.0.0', '2.0.0', '2.0.1', '1.0.1', '1.0.2' ] ]
376 silly addNamed inherits@2.0.1
377 verbose addNamed "2.0.1" is a plain semver version for inherits
378 silly cache afterAdd inherits@2.0.1
379 verbose afterAdd /Users/seandinan/.npm/inherits/2.0.1/package/package.json not in flight; writing
380 verbose afterAdd /Users/seandinan/.npm/inherits/2.0.1/package/package.json written
381 silly fetchNamedPackageData lru-cache
382 silly mapToRegistry name lru-cache
383 silly mapToRegistry using default registry
384 silly mapToRegistry registry https://registry.npmjs.org/
385 silly mapToRegistry uri https://registry.npmjs.org/lru-cache
386 silly fetchNamedPackageData sigmund
387 silly mapToRegistry name sigmund
388 silly mapToRegistry using default registry
389 silly mapToRegistry registry https://registry.npmjs.org/
390 silly mapToRegistry uri https://registry.npmjs.org/sigmund
391 verbose request uri https://registry.npmjs.org/lru-cache
392 verbose request no auth needed
393 info attempt registry request try #1 at 8:52:20 AM
394 http request GET https://registry.npmjs.org/lru-cache
395 verbose request uri https://registry.npmjs.org/sigmund
396 verbose request no auth needed
397 info attempt registry request try #1 at 8:52:20 AM
398 http request GET https://registry.npmjs.org/sigmund
399 http 200 https://registry.npmjs.org/sigmund
400 verbose headers { server: 'CouchDB/1.5.0 (Erlang OTP/R16B03)',
400 verbose headers   etag: '"1TUX00X8YEKNFED6GGWS214S3"',
400 verbose headers   'content-type': 'application/json',
400 verbose headers   'cache-control': 'max-age=300',
400 verbose headers   'content-length': '4604',
400 verbose headers   'accept-ranges': 'bytes',
400 verbose headers   date: 'Thu, 25 Feb 2016 13:52:20 GMT',
400 verbose headers   via: '1.1 varnish',
400 verbose headers   age: '129',
400 verbose headers   connection: 'keep-alive',
400 verbose headers   'x-served-by': 'cache-iad2131-IAD',
400 verbose headers   'x-cache': 'HIT',
400 verbose headers   'x-cache-hits': '7',
400 verbose headers   'x-timer': 'S1456408340.416190,VS0,VE0',
400 verbose headers   vary: 'Accept' }
401 silly get cb [ 200,
401 silly get   { server: 'CouchDB/1.5.0 (Erlang OTP/R16B03)',
401 silly get     etag: '"1TUX00X8YEKNFED6GGWS214S3"',
401 silly get     'content-type': 'application/json',
401 silly get     'cache-control': 'max-age=300',
401 silly get     'content-length': '4604',
401 silly get     'accept-ranges': 'bytes',
401 silly get     date: 'Thu, 25 Feb 2016 13:52:20 GMT',
401 silly get     via: '1.1 varnish',
401 silly get     age: '129',
401 silly get     connection: 'keep-alive',
401 silly get     'x-served-by': 'cache-iad2131-IAD',
401 silly get     'x-cache': 'HIT',
401 silly get     'x-cache-hits': '7',
401 silly get     'x-timer': 'S1456408340.416190,VS0,VE0',
401 silly get     vary: 'Accept' } ]
402 verbose get saving sigmund to /Users/seandinan/.npm/registry.npmjs.org/sigmund/.cache.json
403 silly resolveWithNewModule sigmund@1.0.1 checking installable status
404 silly cache add args [ 'sigmund@~1.0.0', null ]
405 verbose cache add spec sigmund@~1.0.0
406 silly cache add parsed spec Result {
406 silly cache add   raw: 'sigmund@~1.0.0',
406 silly cache add   scope: null,
406 silly cache add   name: 'sigmund',
406 silly cache add   rawSpec: '~1.0.0',
406 silly cache add   spec: '>=1.0.0 <1.1.0',
406 silly cache add   type: 'range' }
407 silly addNamed sigmund@>=1.0.0 <1.1.0
408 verbose addNamed ">=1.0.0 <1.1.0" is a valid semver range for sigmund
409 silly addNameRange { name: 'sigmund', range: '>=1.0.0 <1.1.0', hasData: false }
410 silly mapToRegistry name sigmund
411 silly mapToRegistry using default registry
412 silly mapToRegistry registry https://registry.npmjs.org/
413 silly mapToRegistry uri https://registry.npmjs.org/sigmund
414 verbose addNameRange registry:https://registry.npmjs.org/sigmund not in flight; fetching
415 verbose get https://registry.npmjs.org/sigmund not expired, no request
416 silly addNameRange number 2 { name: 'sigmund', range: '>=1.0.0 <1.1.0', hasData: true }
417 silly addNameRange versions [ 'sigmund', [ '1.0.0', '1.0.1' ] ]
418 silly addNamed sigmund@1.0.1
419 verbose addNamed "1.0.1" is a plain semver version for sigmund
420 silly mapToRegistry name sigmund
421 silly mapToRegistry using default registry
422 silly mapToRegistry registry https://registry.npmjs.org/
423 silly mapToRegistry uri https://registry.npmjs.org/sigmund
424 verbose addRemoteTarball https://registry.npmjs.org/sigmund/-/sigmund-1.0.1.tgz not in flight; adding
425 verbose addRemoteTarball [ 'https://registry.npmjs.org/sigmund/-/sigmund-1.0.1.tgz',
425 verbose addRemoteTarball   '3ff21f198cad2175f9f3b781853fd94d0d19b590' ]
426 info retry fetch attempt 1 at 8:52:20 AM
427 info attempt registry request try #1 at 8:52:20 AM
428 http fetch GET https://registry.npmjs.org/sigmund/-/sigmund-1.0.1.tgz
429 http 200 https://registry.npmjs.org/lru-cache
430 verbose headers { server: 'CouchDB/1.5.0 (Erlang OTP/R16B03)',
430 verbose headers   etag: '"62VS8Y65C289F4WMRNVWLEBPT"',
430 verbose headers   'content-type': 'application/json',
430 verbose headers   'cache-control': 'max-age=300',
430 verbose headers   'content-length': '48146',
430 verbose headers   'accept-ranges': 'bytes',
430 verbose headers   date: 'Thu, 25 Feb 2016 13:52:20 GMT',
430 verbose headers   via: '1.1 varnish',
430 verbose headers   age: '279',
430 verbose headers   connection: 'keep-alive',
430 verbose headers   'x-served-by': 'cache-iad2130-IAD',
430 verbose headers   'x-cache': 'HIT',
430 verbose headers   'x-cache-hits': '23',
430 verbose headers   'x-timer': 'S1456408340.413917,VS0,VE0',
430 verbose headers   vary: 'Accept' }
431 silly get cb [ 200,
431 silly get   { server: 'CouchDB/1.5.0 (Erlang OTP/R16B03)',
431 silly get     etag: '"62VS8Y65C289F4WMRNVWLEBPT"',
431 silly get     'content-type': 'application/json',
431 silly get     'cache-control': 'max-age=300',
431 silly get     'content-length': '48146',
431 silly get     'accept-ranges': 'bytes',
431 silly get     date: 'Thu, 25 Feb 2016 13:52:20 GMT',
431 silly get     via: '1.1 varnish',
431 silly get     age: '279',
431 silly get     connection: 'keep-alive',
431 silly get     'x-served-by': 'cache-iad2130-IAD',
431 silly get     'x-cache': 'HIT',
431 silly get     'x-cache-hits': '23',
431 silly get     'x-timer': 'S1456408340.413917,VS0,VE0',
431 silly get     vary: 'Accept' } ]
432 verbose get saving lru-cache to /Users/seandinan/.npm/registry.npmjs.org/lru-cache/.cache.json
433 silly resolveWithNewModule lru-cache@2.7.3 checking installable status
434 silly cache add args [ 'lru-cache@2', null ]
435 verbose cache add spec lru-cache@2
436 silly cache add parsed spec Result {
436 silly cache add   raw: 'lru-cache@2',
436 silly cache add   scope: null,
436 silly cache add   name: 'lru-cache',
436 silly cache add   rawSpec: '2',
436 silly cache add   spec: '>=2.0.0 <3.0.0',
436 silly cache add   type: 'range' }
437 silly addNamed lru-cache@>=2.0.0 <3.0.0
438 verbose addNamed ">=2.0.0 <3.0.0" is a valid semver range for lru-cache
439 silly addNameRange { name: 'lru-cache', range: '>=2.0.0 <3.0.0', hasData: false }
440 silly mapToRegistry name lru-cache
441 silly mapToRegistry using default registry
442 silly mapToRegistry registry https://registry.npmjs.org/
443 silly mapToRegistry uri https://registry.npmjs.org/lru-cache
444 verbose addNameRange registry:https://registry.npmjs.org/lru-cache not in flight; fetching
445 verbose get https://registry.npmjs.org/lru-cache not expired, no request
446 silly addNameRange number 2 { name: 'lru-cache', range: '>=2.0.0 <3.0.0', hasData: true }
447 silly addNameRange versions [ 'lru-cache',
447 silly addNameRange   [ '1.0.1',
447 silly addNameRange     '1.0.2',
447 silly addNameRange     '1.0.3',
447 silly addNameRange     '1.0.4',
447 silly addNameRange     '1.0.5',
447 silly addNameRange     '1.0.6',
447 silly addNameRange     '1.1.0',
447 silly addNameRange     '1.1.1',
447 silly addNameRange     '2.0.0',
447 silly addNameRange     '2.0.1',
447 silly addNameRange     '2.0.2',
447 silly addNameRange     '2.0.3',
447 silly addNameRange     '2.0.4',
447 silly addNameRange     '2.1.0',
447 silly addNameRange     '2.2.0',
447 silly addNameRange     '2.2.1',
447 silly addNameRange     '2.2.2',
447 silly addNameRange     '2.2.4',
447 silly addNameRange     '2.3.0',
447 silly addNameRange     '2.3.1',
447 silly addNameRange     '2.5.0',
447 silly addNameRange     '2.5.1',
447 silly addNameRange     '2.5.2',
447 silly addNameRange     '2.6.0',
447 silly addNameRange     '2.6.1',
447 silly addNameRange     '2.6.2',
447 silly addNameRange     '2.6.3',
447 silly addNameRange     '2.6.4',
447 silly addNameRange     '2.6.5',
447 silly addNameRange     '2.7.0',
447 silly addNameRange     '2.7.1',
447 silly addNameRange     '2.7.2',
447 silly addNameRange     '2.7.3',
447 silly addNameRange     '3.0.0',
447 silly addNameRange     '3.1.0',
447 silly addNameRange     '3.1.1',
447 silly addNameRange     '3.1.2',
447 silly addNameRange     '3.2.0',
447 silly addNameRange     '4.0.0' ] ]
448 silly addNamed lru-cache@2.7.3
449 verbose addNamed "2.7.3" is a plain semver version for lru-cache
450 silly mapToRegistry name lru-cache
451 silly mapToRegistry using default registry
452 silly mapToRegistry registry https://registry.npmjs.org/
453 silly mapToRegistry uri https://registry.npmjs.org/lru-cache
454 verbose addRemoteTarball https://registry.npmjs.org/lru-cache/-/lru-cache-2.7.3.tgz not in flight; adding
455 verbose addRemoteTarball [ 'https://registry.npmjs.org/lru-cache/-/lru-cache-2.7.3.tgz',
455 verbose addRemoteTarball   '6d4524e8b955f95d4f5b58851ce21dd72fb4e952' ]
456 info retry fetch attempt 1 at 8:52:21 AM
457 info attempt registry request try #1 at 8:52:21 AM
458 http fetch GET https://registry.npmjs.org/lru-cache/-/lru-cache-2.7.3.tgz
459 http fetch 200 https://registry.npmjs.org/sigmund/-/sigmund-1.0.1.tgz
460 silly fetchAndShaCheck shasum 3ff21f198cad2175f9f3b781853fd94d0d19b590
461 verbose addTmpTarball /var/folders/tb/lm_mpjqd56s5npm2lt2fbdt80000gn/T/npm-1912-45d62de5/registry.npmjs.org/sigmund/-/sigmund-1.0.1.tgz not in flight; adding
462 verbose addTmpTarball already have metadata; skipping unpack for sigmund@1.0.1
463 silly cache afterAdd sigmund@1.0.1
464 verbose afterAdd /Users/seandinan/.npm/sigmund/1.0.1/package/package.json not in flight; writing
465 verbose afterAdd /Users/seandinan/.npm/sigmund/1.0.1/package/package.json written
466 http fetch 200 https://registry.npmjs.org/lru-cache/-/lru-cache-2.7.3.tgz
467 silly fetchAndShaCheck shasum 6d4524e8b955f95d4f5b58851ce21dd72fb4e952
468 verbose addTmpTarball /var/folders/tb/lm_mpjqd56s5npm2lt2fbdt80000gn/T/npm-1912-45d62de5/registry.npmjs.org/lru-cache/-/lru-cache-2.7.3.tgz not in flight; adding
469 verbose addTmpTarball already have metadata; skipping unpack for lru-cache@2.7.3
470 silly cache afterAdd lru-cache@2.7.3
471 verbose afterAdd /Users/seandinan/.npm/lru-cache/2.7.3/package/package.json not in flight; writing
472 verbose afterAdd /Users/seandinan/.npm/lru-cache/2.7.3/package/package.json written
473 silly fetchNamedPackageData abbrev
474 silly mapToRegistry name abbrev
475 silly mapToRegistry using default registry
476 silly mapToRegistry registry https://registry.npmjs.org/
477 silly mapToRegistry uri https://registry.npmjs.org/abbrev
478 verbose request uri https://registry.npmjs.org/abbrev
479 verbose request no auth needed
480 info attempt registry request try #1 at 8:52:21 AM
481 http request GET https://registry.npmjs.org/abbrev
482 http 200 https://registry.npmjs.org/abbrev
483 verbose headers { server: 'CouchDB/1.5.0 (Erlang OTP/R16B03)',
483 verbose headers   etag: '"5COR5F08LNF679JR9VE4E6VZW"',
483 verbose headers   'content-type': 'application/json',
483 verbose headers   'cache-control': 'max-age=300',
483 verbose headers   'content-length': '5442',
483 verbose headers   'accept-ranges': 'bytes',
483 verbose headers   date: 'Thu, 25 Feb 2016 13:52:21 GMT',
483 verbose headers   via: '1.1 varnish',
483 verbose headers   age: '61',
483 verbose headers   connection: 'keep-alive',
483 verbose headers   'x-served-by': 'cache-iad2136-IAD',
483 verbose headers   'x-cache': 'HIT',
483 verbose headers   'x-cache-hits': '4',
483 verbose headers   'x-timer': 'S1456408341.174911,VS0,VE0',
483 verbose headers   vary: 'Accept' }
484 silly get cb [ 200,
484 silly get   { server: 'CouchDB/1.5.0 (Erlang OTP/R16B03)',
484 silly get     etag: '"5COR5F08LNF679JR9VE4E6VZW"',
484 silly get     'content-type': 'application/json',
484 silly get     'cache-control': 'max-age=300',
484 silly get     'content-length': '5442',
484 silly get     'accept-ranges': 'bytes',
484 silly get     date: 'Thu, 25 Feb 2016 13:52:21 GMT',
484 silly get     via: '1.1 varnish',
484 silly get     age: '61',
484 silly get     connection: 'keep-alive',
484 silly get     'x-served-by': 'cache-iad2136-IAD',
484 silly get     'x-cache': 'HIT',
484 silly get     'x-cache-hits': '4',
484 silly get     'x-timer': 'S1456408341.174911,VS0,VE0',
484 silly get     vary: 'Accept' } ]
485 verbose get saving abbrev to /Users/seandinan/.npm/registry.npmjs.org/abbrev/.cache.json
486 silly resolveWithNewModule abbrev@1.0.7 checking installable status
487 silly cache add args [ 'abbrev@1', null ]
488 verbose cache add spec abbrev@1
489 silly cache add parsed spec Result {
489 silly cache add   raw: 'abbrev@1',
489 silly cache add   scope: null,
489 silly cache add   name: 'abbrev',
489 silly cache add   rawSpec: '1',
489 silly cache add   spec: '>=1.0.0 <2.0.0',
489 silly cache add   type: 'range' }
490 silly addNamed abbrev@>=1.0.0 <2.0.0
491 verbose addNamed ">=1.0.0 <2.0.0" is a valid semver range for abbrev
492 silly addNameRange { name: 'abbrev', range: '>=1.0.0 <2.0.0', hasData: false }
493 silly mapToRegistry name abbrev
494 silly mapToRegistry using default registry
495 silly mapToRegistry registry https://registry.npmjs.org/
496 silly mapToRegistry uri https://registry.npmjs.org/abbrev
497 verbose addNameRange registry:https://registry.npmjs.org/abbrev not in flight; fetching
498 verbose get https://registry.npmjs.org/abbrev not expired, no request
499 silly addNameRange number 2 { name: 'abbrev', range: '>=1.0.0 <2.0.0', hasData: true }
500 silly addNameRange versions [ 'abbrev', [ '1.0.3', '1.0.4', '1.0.5', '1.0.6', '1.0.7' ] ]
501 silly addNamed abbrev@1.0.7
502 verbose addNamed "1.0.7" is a plain semver version for abbrev
503 silly mapToRegistry name abbrev
504 silly mapToRegistry using default registry
505 silly mapToRegistry registry https://registry.npmjs.org/
506 silly mapToRegistry uri https://registry.npmjs.org/abbrev
507 verbose addRemoteTarball https://registry.npmjs.org/abbrev/-/abbrev-1.0.7.tgz not in flight; adding
508 verbose addRemoteTarball [ 'https://registry.npmjs.org/abbrev/-/abbrev-1.0.7.tgz',
508 verbose addRemoteTarball   '5b6035b2ee9d4fb5cf859f08a9be81b208491843' ]
509 info retry fetch attempt 1 at 8:52:21 AM
510 info attempt registry request try #1 at 8:52:21 AM
511 http fetch GET https://registry.npmjs.org/abbrev/-/abbrev-1.0.7.tgz
512 http fetch 200 https://registry.npmjs.org/abbrev/-/abbrev-1.0.7.tgz
513 silly fetchAndShaCheck shasum 5b6035b2ee9d4fb5cf859f08a9be81b208491843
514 verbose addTmpTarball /var/folders/tb/lm_mpjqd56s5npm2lt2fbdt80000gn/T/npm-1912-45d62de5/registry.npmjs.org/abbrev/-/abbrev-1.0.7.tgz not in flight; adding
515 verbose addTmpTarball already have metadata; skipping unpack for abbrev@1.0.7
516 silly cache afterAdd abbrev@1.0.7
517 verbose afterAdd /Users/seandinan/.npm/abbrev/1.0.7/package/package.json not in flight; writing
518 verbose afterAdd /Users/seandinan/.npm/abbrev/1.0.7/package/package.json written
519 silly loadAllDepsIntoIdealTree Finishing
520 silly idealTree:prePrune lib
520 silly idealTree:prePrune  grunt-cli@0.1.13
520 silly idealTree:prePrune    abbrev@1.0.7
520 silly idealTree:prePrune    findup-sync@0.1.3
520 silly idealTree:prePrune    glob@3.2.11
520 silly idealTree:prePrune    inherits@2.0.1
520 silly idealTree:prePrune    lodash@2.4.2
520 silly idealTree:prePrune    lru-cache@2.7.3
520 silly idealTree:prePrune    minimatch@0.3.0
520 silly idealTree:prePrune    nopt@1.0.10
520 silly idealTree:prePrune    resolve@0.3.1
520 silly idealTree:prePrune    sigmund@1.0.1
521 silly loadIdealTree Finishing
522 silly currentTree lib
523 silly idealTree lib
523 silly idealTree  grunt-cli@0.1.13
523 silly idealTree    abbrev@1.0.7
523 silly idealTree    findup-sync@0.1.3
523 silly idealTree    glob@3.2.11
523 silly idealTree    inherits@2.0.1
523 silly idealTree    lodash@2.4.2
523 silly idealTree    lru-cache@2.7.3
523 silly idealTree    minimatch@0.3.0
523 silly idealTree    nopt@1.0.10
523 silly idealTree    resolve@0.3.1
523 silly idealTree    sigmund@1.0.1
524 silly generateActionsToTake Starting
525 silly install generateActionsToTake
526 warn checkPermissions Missing write access to /usr/local/lib/node_modules
527 silly rollbackFailedOptional Starting
528 silly rollbackFailedOptional Finishing
529 silly runTopLevelLifecycles Starting
530 silly runTopLevelLifecycles Finishing
531 silly install printInstalled
532 verbose stack Error: EACCES: permission denied, access '/usr/local/lib/node_modules'
532 verbose stack     at Error (native)
533 verbose cwd /Users/seandinan/Documents/Code/bootstrap-practice
534 error Darwin 13.4.0
535 error argv "/usr/local/bin/node" "/usr/local/bin/npm" "install" "-g" "grunt-cli"
536 error node v5.4.0
537 error npm  v3.3.12
538 error path /usr/local/lib/node_modules
539 error code EACCES
540 error errno -13
541 error syscall access
542 error Error: EACCES: permission denied, access '/usr/local/lib/node_modules'
542 error     at Error (native)
542 error  { [Error: EACCES: permission denied, access '/usr/local/lib/node_modules']
542 error   errno: -13,
542 error   code: 'EACCES',
542 error   syscall: 'access',
542 error   path: '/usr/local/lib/node_modules' }
543 error Please try running this command again as root/Administrator.
544 verbose exit [ -13, true ]
